<?xml version="1.0" encoding="UTF-8"?>
<testsuites tests="13" failures="0" disabled="4" errors="0" time="0.37" timestamp="2026-01-22T23:47:14.702" name="AllTests">
  <testsuite name="SDL3_AudioManagerT" tests="9" failures="0" disabled="4" skipped="0" errors="0" time="0.366" timestamp="2026-01-22T23:47:14.702">
    <testcase name="LoadSound_Ogg" status="run" result="completed" time="0.097" timestamp="2026-01-22T23:47:14.702" classname="SDL3_AudioManagerT" />
    <testcase name="LoadSound_Wav" status="run" result="completed" time="0.068" timestamp="2026-01-22T23:47:14.800" classname="SDL3_AudioManagerT" />
    <testcase name="Play_Ogg" status="run" result="completed" time="0.058" timestamp="2026-01-22T23:47:14.869" classname="SDL3_AudioManagerT" />
    <testcase name="DISABLED_Play_OggSounds" status="notrun" result="suppressed" time="0" timestamp="1970-01-01T09:00:00.000" classname="SDL3_AudioManagerT" />
    <testcase name="DISABLED_Play_Sounds" status="notrun" result="suppressed" time="0" timestamp="1970-01-01T09:00:00.000" classname="SDL3_AudioManagerT" />
    <testcase name="DISABLED_Play_Wav" status="notrun" result="suppressed" time="0" timestamp="1970-01-01T09:00:00.000" classname="SDL3_AudioManagerT" />
    <testcase name="DISABLED_Play_WavSounds" status="notrun" result="suppressed" time="0" timestamp="1970-01-01T09:00:00.000" classname="SDL3_AudioManagerT" />
    <testcase name="Unload_Ogg" status="run" result="completed" time="0.072" timestamp="2026-01-22T23:47:14.928" classname="SDL3_AudioManagerT" />
    <testcase name="Unload_Wav" status="run" result="completed" time="0.068" timestamp="2026-01-22T23:47:15.000" classname="SDL3_AudioManagerT" />
  </testsuite>
  <testsuite name="SoundTableReaderT" tests="2" failures="0" disabled="0" skipped="0" errors="0" time="0.001" timestamp="2026-01-22T23:47:15.069">
    <testcase name="GetInfo" status="run" result="completed" time="0" timestamp="2026-01-22T23:47:15.069" classname="SoundTableReaderT" />
    <testcase name="Read" status="run" result="completed" time="0" timestamp="2026-01-22T23:47:15.069" classname="SoundTableReaderT" />
  </testsuite>
  <testsuite name="JsonStorageT" tests="2" failures="0" disabled="0" skipped="0" errors="0" time="0.002" timestamp="2026-01-22T23:47:15.070">
    <testcase name="Write" status="run" result="completed" time="0" timestamp="2026-01-22T23:47:15.070" classname="JsonStorageT" />
    <testcase name="Read" status="run" result="completed" time="0.001" timestamp="2026-01-22T23:47:15.071" classname="JsonStorageT" />
  </testsuite>
</testsuites>
